Build started 13/02/2014 10:21:57 PM.
     1>Project "d:\project\ThunderSched\ThunderSched.vcxproj" on node 2 (Build target(s)).
     1>ClCompile:
         D:\Program Files (x86)\Microsoft Visual Studio 11.0\VC\bin\CL.exe /c /I. /ID:\Qt\qt5\qtbase\\include /I.\GeneratedFiles\Debug /ID:\Qt\qt5\qtbase\\include\QtCore /ID:\Qt\qt5\qtbase\\include\QtWidgets /Zi /nologo /W1 /WX- /Od /Oy- /D UNICODE /D WIN32 /D QT_LARGEFILE_SUPPORT /D QT_DLL /Gm- /EHsc /MDd /GS /fp:precise /Zc:wchar_t- /Zc:forScope /Fo"Debug\\" /Fd"Debug\vc110.pdb" /Gd /TP /analyze- /errorReport:prompt game.cpp main.cpp schedule.cpp team.cpp
         game.cpp
         main.cpp
         schedule.cpp
         team.cpp
         Generating Code...
       Link:
         D:\Program Files (x86)\Microsoft Visual Studio 11.0\VC\bin\link.exe /ERRORREPORT:PROMPT /OUT:"d:\project\ThunderSched\Win32\Debug\\ThunderSched.exe" /NOLOGO /LIBPATH:D:\Qt\qt5\qtbase\\lib /LIBPATH:D:\Qt\qt5\qtbase\lib qtmaind.lib kernel32.lib user32.lib gdi32.lib winspool.lib comdlg32.lib advapi32.lib shell32.lib ole32.lib oleaut32.lib uuid.lib odbc32.lib odbccp32.lib /MANIFEST /MANIFESTUAC:"level='asInvoker' uiAccess='false'" /manifest:embed /DEBUG /PDB:"d:\project\ThunderSched\Win32\Debug\ThunderSched.pdb" /SUBSYSTEM:CONSOLE /TLBID:1 /DYNAMICBASE /NXCOMPAT /IMPLIB:"d:\project\ThunderSched\Win32\Debug\ThunderSched.lib" /MACHINE:X86 /SAFESEH Debug\game.obj
         Debug\main.obj
         Debug\schedule.obj
         Debug\team.obj
     1>main.obj : error LNK2019: unresolved external symbol "__declspec(dllimport) public: __thiscall QCoreApplication::QCoreApplication(int &,char * *,int)" (__imp_??0QCoreApplication@@QAE@AAHPAPADH@Z) referenced in function _main
     1>main.obj : error LNK2019: unresolved external symbol "__declspec(dllimport) public: virtual __thiscall QCoreApplication::~QCoreApplication(void)" (__imp_??1QCoreApplication@@UAE@XZ) referenced in function _main
     1>main.obj : error LNK2019: unresolved external symbol "__declspec(dllimport) public: static int __cdecl QCoreApplication::exec(void)" (__imp_?exec@QCoreApplication@@SAHXZ) referenced in function _main
     1>schedule.obj : error LNK2019: unresolved external symbol "__declspec(dllimport) public: struct QListData::Data * __thiscall QListData::detach_grow(int *,int)" (__imp_?detach_grow@QListData@@QAEPAUData@1@PAHH@Z) referenced in function "private: struct QList<class team>::Node * __thiscall QList<class team>::detach_helper_grow(int,int)" (?detach_helper_grow@?$QList@Vteam@@@@AAEPAUNode@1@HH@Z)
     1>schedule.obj : error LNK2019: unresolved external symbol "__declspec(dllimport) public: void __thiscall QListData::dispose(void)" (__imp_?dispose@QListData@@QAEXXZ) referenced in function __catch$?detach_helper_grow@?$QList@Vteam@@@@AAEPAUNode@1@HH@Z$0
     1>schedule.obj : error LNK2019: unresolved external symbol "__declspec(dllimport) public: static void __cdecl QListData::dispose(struct QListData::Data *)" (__imp_?dispose@QListData@@SAXPAUData@1@@Z) referenced in function "private: void __thiscall QList<class team>::dealloc(struct QListData::Data *)" (?dealloc@?$QList@Vteam@@@@AAEXPAUData@QListData@@@Z)
     1>schedule.obj : error LNK2019: unresolved external symbol "__declspec(dllimport) public: void * * __thiscall QListData::append(void)" (__imp_?append@QListData@@QAEPAPAXXZ) referenced in function __catch$?append@?$QList@Vteam@@@@QAEXABVteam@@@Z$0
     1>schedule.obj : error LNK2019: unresolved external symbol "__declspec(dllimport) public: int __thiscall QListData::size(void)const " (__imp_?size@QListData@@QBEHXZ) referenced in function "public: int __thiscall QList<class team>::count(void)const " (?count@?$QList@Vteam@@@@QBEHXZ)
     1>schedule.obj : error LNK2019: unresolved external symbol "__declspec(dllimport) public: void * * __thiscall QListData::begin(void)const " (__imp_?begin@QListData@@QBEPAPAXXZ) referenced in function "private: struct QList<class team>::Node * __thiscall QList<class team>::detach_helper_grow(int,int)" (?detach_helper_grow@?$QList@Vteam@@@@AAEPAUNode@1@HH@Z)
     1>schedule.obj : error LNK2019: unresolved external symbol "__declspec(dllimport) public: void * * __thiscall QListData::end(void)const " (__imp_?end@QListData@@QBEPAPAXXZ) referenced in function __catch$?detach_helper_grow@?$QList@Vteam@@@@AAEPAUNode@1@HH@Z$0
     1>schedule.obj : error LNK2001: unresolved external symbol "__declspec(dllimport) public: static struct QListData::Data const QListData::shared_null" (__imp_?shared_null@QListData@@2UData@1@B)
     1>team.obj : error LNK2019: unresolved external symbol "__declspec(dllimport) public: __thiscall QString::QString(void)" (__imp_??0QString@@QAE@XZ) referenced in function "public: __thiscall team::team(void)" (??0team@@QAE@XZ)
     1>team.obj : error LNK2019: unresolved external symbol "__declspec(dllimport) public: __thiscall QString::QString(class QString const &)" (__imp_??0QString@@QAE@ABV0@@Z) referenced in function "public: __thiscall team::team(int,class QString)" (??0team@@QAE@HVQString@@@Z)
     1>team.obj : error LNK2019: unresolved external symbol "__declspec(dllimport) public: __thiscall QString::~QString(void)" (__imp_??1QString@@QAE@XZ) referenced in function "public: __thiscall team::team(int,class QString)" (??0team@@QAE@HVQString@@@Z)
     1>team.obj : error LNK2019: unresolved external symbol "__declspec(dllimport) public: class QString & __thiscall QString::operator=(class QString const &)" (__imp_??4QString@@QAEAAV0@ABV0@@Z) referenced in function "public: __thiscall team::team(class team const &)" (??0team@@QAE@ABV0@@Z)
     1>team.obj : error LNK2019: unresolved external symbol "__declspec(dllimport) bool __cdecl operator==(class QString const &,class QString const &)" (__imp_??8@YA_NABVQString@@0@Z) referenced in function "public: bool __thiscall team::operator!=(class team const &)" (??9team@@QAE_NABV0@@Z)
     1>d:\project\ThunderSched\Win32\Debug\\ThunderSched.exe : fatal error LNK1120: 16 unresolved externals
     1>Done Building Project "d:\project\ThunderSched\ThunderSched.vcxproj" (Build target(s)) -- FAILED.

Build FAILED.

Time Elapsed 00:00:01.81
